seventool: cpuid
seventool: leaf         0
seventool: subleaf      0
seventool: eax          0x00000016
seventool: ebx          0x756e6547
seventool: ecx          0x6c65746e
seventool: edx          0x49656e69
seventool: cpu          Intel
seventool: cpuid
seventool: leaf         1
seventool: subleaf      0
seventool: eax          0x000506e3
seventool: ebx          0x00100800
seventool: ecx          0x7ffafbff
seventool: edx          0xbfebfbff
seventool: rdrand       available
seventool: cpuid
seventool: leaf         7
seventool: subleaf      0
seventool: eax          0x00000000
seventool: ebx          0x029c6fbb
seventool: ecx          0x00000000
seventool: edx          0x00000000
seventool: rdseed       available
seventool: mode         rdrand
seventool: reseeding    16353
seventool: reseeded     16353
scattergun.sh: 2016-03-03T03:48:51 begin scattergun_mercury_rdrand
scattergun.sh: 2016-03-03T03:48:51 begin png
65536+0 records in
65536+0 records out
196608 bytes (197 kB) copied, 0.0655269 s, 3.0 MB/s

real	0m0.066s
user	0m0.004s
sys	0m0.060s
scattergun.sh: 2016-03-03T03:48:51 end png
scattergun.sh: 2016-03-03T03:48:51 begin rngtest
1000+0 records in
1000+0 records out
2500000 bytes (2.5 MB) copied, 0.0875971 s, 28.5 MB/s

real	0m0.088s
user	0m0.000s
sys	0m0.004s
rngtest 4
Copyright (c) 2004 by Henrique de Moraes Holschuh
This is free software; see the source for copying conditions.  There is NO warranty; not even for MERCHANTABILITY or FITNESS FOR A PARTICULAR PURPOSE.

rngtest: starting FIPS tests...
rngtest: entropy source drained
rngtest: bits received from input: 20000000
rngtest: FIPS 140-2 successes: 997
rngtest: FIPS 140-2 failures: 2
rngtest: FIPS 140-2(2001-10-10) Monobit: 0
rngtest: FIPS 140-2(2001-10-10) Poker: 0
rngtest: FIPS 140-2(2001-10-10) Runs: 2
rngtest: FIPS 140-2(2001-10-10) Long run: 0
rngtest: FIPS 140-2(2001-10-10) Continuous run: 0
rngtest: input channel speed: (min=9.313; avg=32.760; max=18.626)Gibits/s
rngtest: FIPS tests speed: (min=79.143; avg=91.200; max=92.590)Mibits/s
rngtest: Program run time: 209639 microseconds

real	0m0.210s
user	0m0.208s
sys	0m0.000s
scattergun.sh: 2016-03-03T03:48:51 end rngtest
scattergun.sh: 2016-03-03T03:48:51 begin ent
4096+0 records in
4096+0 records out
4194304 bytes (4.2 MB) copied, 0.162179 s, 25.9 MB/s

real	0m0.163s
user	0m0.000s
sys	0m0.012s
Entropy = 7.999957 bits per byte.

Optimum compression would reduce the size
of this 4194304 byte file by 0 percent.

Chi square distribution for 4194304 samples is 252.80, and randomly
would exceed this value 50.00 percent of the times.

Arithmetic mean value of data bytes is 127.5363 (127.5 = random).
Monte Carlo value for Pi is 3.139660968 (error 0.06 percent).
Serial correlation coefficient is -0.000437 (totally uncorrelated = 0.0).

real	0m0.053s
user	0m0.052s
sys	0m0.000s
scattergun.sh: 2016-03-03T03:48:51 end ent
scattergun.sh: 2016-03-03T03:48:51 begin SP800-90B
4096+0 records in
4096+0 records out
4194304 bytes (4.2 MB) copied, 0.155332 s, 27.0 MB/s

real	0m0.156s
user	0m0.000s
sys	0m0.012s
Read in file /home/jsloan/src/com-diag-scattergun/Scattergun/scattergun_mercury_rdrand/sp800.dat, 4194304 bytes long.
Dataset: 4194304 8-bit symbols.
Output symbol values: min = 0, max = 255


Compression Test:      
	Scores                   Ranks
	447658                   609 
	447611                   501 
	447495                   303 
	447480                   313 
	447220                    62 
	447428                   255 
	447361                   145 
	447200                    33*
	447492                   345 
	447387                   176 
	                         --- 
	                           1
Passed Compression Test

Over/under Test:       
	Scores                   Ranks
	20  209223               666   846 
	23  208453               953*  103 
	21  209373               833   946 
	18  208940               466   615 
	18  208641               461   184 
	21  208671               831   254 
	17  208175               198    11*
	18  208572               433   163 
	17  209282               185   898 
	19  208516               501   153 
	                         ---   --- 
	                           1     1
Passed Over/under Test

Excursion Test:        
	Scores                   Ranks
	53634.9                  824 
	45383.9                  657 
	85960.2                  999*
	51891.9                  808 
	66308.1                  957*
	39986.5                  525 
	37097.3                  408 
	50827.3                  800 
	48660.3                  750 
	41536.1                  563 
	                         --- 
	                           2
Passed Excursion Test

Directional runs Test: 
	Scores                   Ranks
	278914     8  209098     301   501   716 
	278846     8  209009     194   501   469 
	279742     9  209045     995*  795   564 
	279192     7  208959     669    99   281 
	278969     9  208999     357   808   396 
	278732     8  209143     102   501   791 
	278506     7  208961      14*  104   293 
	278904     8  209080     250   501   684 
	278801     8  208941     173   501   191 
	279168     8  209168     654   501   869 
	                         ---   ---   --- 
	                           2     0     0
Passed Directional runs Test

Covariance Test:       
	Scores                   Ranks
	-9.7244                  119 
	7.62731                  830 
	-12.9556                  55 
	9.54018                  858 
	8.54247                  853 
	8.88418                  850 
	9.64944                  886 
	11.7483                  917 
	-15.5677                  33*
	-6.09575                 261 
	                         --- 
	                           1
Passed Covariance Test

Collision Test:        
	Scores                   Ranks
	1  19.6839  72           501   258   756 
	1  19.8533  68           501   959*  459 
	1  19.6774  70           501   247   530 
	1  19.7597  63           501   697    30*
	1  19.6906  72           501   324   740 
	1  19.8724  84           501   976*  993*
	1  19.8104  70           501   870   564 
	1  19.6605  66           501   182   192 
	1  19.682  73            501   259   790 
	1  19.5652  82           501    11*  993*
	                         ---   ---   --- 
	                           0     3     3
Passed Collision Test

** Passed iid shuffle tests
()

Chi square independence
	score = 64483, degrees of freedom = 65280, cut-off = 66402.2
** Passed chi-square independence test

Chi square stability
	score = 2297.23, degrees of freedom = 2313 cut-off = 2528.88
** Passed chi-square stability test

IID = True
min-entropy = 7.94404

Compression sanity check...
	dataset 1 compressed length = 3581264, cutoff = 3.33197e+06...Pass

	dataset 2 compressed length = 3580888, cutoff = 3.33197e+06...Pass

	dataset 3 compressed length = 3579960, cutoff = 3.33197e+06...Pass

	dataset 4 compressed length = 3579840, cutoff = 3.33197e+06...Pass

	dataset 5 compressed length = 3577760, cutoff = 3.33197e+06...Pass

	dataset 6 compressed length = 3579424, cutoff = 3.33197e+06...Pass

	dataset 7 compressed length = 3578888, cutoff = 3.33197e+06...Pass

	dataset 8 compressed length = 3577600, cutoff = 3.33197e+06...Pass

	dataset 9 compressed length = 3579936, cutoff = 3.33197e+06...Pass

	dataset 10 compressed length = 3579096, cutoff = 3.33197e+06...Pass


Collision sanity check...
	Dividing dataset into 5-tuples
	Check rule 1 - do three or more 5-tuples have the same value?...Pass
	Check rule 2 - probability of number of collisions below cutoff
		number of collisions = 0, cutoff = 0.388482...Pass

sanity check = PASS
time: (4911.55 sec)

real	81m51.609s
user	81m24.196s
sys	0m31.800s
Read in file /home/jsloan/src/com-diag-scattergun/Scattergun/scattergun_mercury_rdrand/sp800.dat, 4194304 bytes long.
Dataset: 4194304 8-bit symbols.
Output symbol values: min = 0, max = 255
- Collision test          : p(max) = 0.00837708, min-entropy = 6.89934
- Partial collection test : p(max) = 0.00575972, min-entropy = 7.43979
- Markov test (map 6 bits): p(max) = 2.99348e-227, min-entropy = 5.87887
- Compression test        : p(max) = 0.00743103, min-entropy = 7.07222
- Frequency test          : p(max) = 0.00398993, min-entropy = 7.76807
min-entropy = 5.87887

Compression sanity check...
	dataset 1 compressed length = 3581264, cutoff = 2.46578e+06...Pass

	dataset 2 compressed length = 3580888, cutoff = 2.46578e+06...Pass

	dataset 3 compressed length = 3579960, cutoff = 2.46578e+06...Pass

	dataset 4 compressed length = 3579840, cutoff = 2.46578e+06...Pass

	dataset 5 compressed length = 3577760, cutoff = 2.46578e+06...Pass

	dataset 6 compressed length = 3579424, cutoff = 2.46578e+06...Pass

	dataset 7 compressed length = 3578888, cutoff = 2.46578e+06...Pass

	dataset 8 compressed length = 3577600, cutoff = 2.46578e+06...Pass

	dataset 9 compressed length = 3579936, cutoff = 2.46578e+06...Pass

	dataset 10 compressed length = 3579096, cutoff = 2.46578e+06...Pass


Collision sanity check...
	Dividing dataset into 6-tuples
	Check rule 1 - do three or more 6-tuples have the same value?...Pass
	Check rule 2 - probability of number of collisions below cutoff
		number of collisions = 0, cutoff = 5.88413...Pass

sanity check = PASS
time: (65.0982 sec)

real	1m5.144s
user	1m4.948s
sys	0m0.252s
scattergun.sh: 2016-03-03T05:11:48 end SP800-90B
scattergun.sh: 2016-03-03T05:11:48 begin dieharder
#=============================================================================#
#            dieharder version 3.31.1 Copyright 2003 Robert G. Brown          #
#=============================================================================#
   rng_name    |rands/second|   Seed   |
stdin_input_raw|  6.46e+06  |1270141058|
#=============================================================================#
        test_name   |ntup| tsamples |psamples|  p-value |Assessment
#=============================================================================#
   diehard_birthdays|   0|       100|     100|0.94854783|  PASSED  
      diehard_operm5|   0|   1000000|     100|0.42761720|  PASSED  
  diehard_rank_32x32|   0|     40000|     100|0.46950988|  PASSED  
    diehard_rank_6x8|   0|    100000|     100|0.99628195|   WEAK   
   diehard_bitstream|   0|   2097152|     100|0.81948387|  PASSED  
        diehard_opso|   0|   2097152|     100|0.86459110|  PASSED  
        diehard_oqso|   0|   2097152|     100|0.94857706|  PASSED  
         diehard_dna|   0|   2097152|     100|0.56285306|  PASSED  
diehard_count_1s_str|   0|    256000|     100|0.28873247|  PASSED  
diehard_count_1s_byt|   0|    256000|     100|0.13701277|  PASSED  
 diehard_parking_lot|   0|     12000|     100|0.49370686|  PASSED  
    diehard_2dsphere|   2|      8000|     100|0.42444103|  PASSED  
    diehard_3dsphere|   3|      4000|     100|0.31607701|  PASSED  
     diehard_squeeze|   0|    100000|     100|0.96424300|  PASSED  
        diehard_sums|   0|       100|     100|0.40943930|  PASSED  
        diehard_runs|   0|    100000|     100|0.94335353|  PASSED  
        diehard_runs|   0|    100000|     100|0.88495663|  PASSED  
       diehard_craps|   0|    200000|     100|0.93103972|  PASSED  
       diehard_craps|   0|    200000|     100|0.00622414|  PASSED  
 marsaglia_tsang_gcd|   0|  10000000|     100|0.00714250|  PASSED  
 marsaglia_tsang_gcd|   0|  10000000|     100|0.28590789|  PASSED  
         sts_monobit|   1|    100000|     100|0.73706683|  PASSED  
            sts_runs|   2|    100000|     100|0.03899759|  PASSED  
          sts_serial|   1|    100000|     100|0.67975319|  PASSED  
          sts_serial|   2|    100000|     100|0.69123858|  PASSED  
          sts_serial|   3|    100000|     100|0.34699252|  PASSED  
          sts_serial|   3|    100000|     100|0.74946577|  PASSED  
          sts_serial|   4|    100000|     100|0.91668326|  PASSED  
          sts_serial|   4|    100000|     100|0.51374374|  PASSED  
          sts_serial|   5|    100000|     100|0.17582001|  PASSED  
          sts_serial|   5|    100000|     100|0.14305267|  PASSED  
          sts_serial|   6|    100000|     100|0.93237306|  PASSED  
          sts_serial|   6|    100000|     100|0.89789259|  PASSED  
          sts_serial|   7|    100000|     100|0.86459165|  PASSED  
          sts_serial|   7|    100000|     100|0.88793170|  PASSED  
          sts_serial|   8|    100000|     100|0.92168990|  PASSED  
          sts_serial|   8|    100000|     100|0.08599320|  PASSED  
          sts_serial|   9|    100000|     100|0.56413579|  PASSED  
          sts_serial|   9|    100000|     100|0.82258054|  PASSED  
          sts_serial|  10|    100000|     100|0.59330414|  PASSED  
          sts_serial|  10|    100000|     100|0.30900996|  PASSED  
          sts_serial|  11|    100000|     100|0.78422716|  PASSED  
          sts_serial|  11|    100000|     100|0.29717719|  PASSED  
          sts_serial|  12|    100000|     100|0.18527068|  PASSED  
          sts_serial|  12|    100000|     100|0.64282940|  PASSED  
          sts_serial|  13|    100000|     100|0.84684510|  PASSED  
          sts_serial|  13|    100000|     100|0.01182394|  PASSED  
          sts_serial|  14|    100000|     100|0.30741209|  PASSED  
          sts_serial|  14|    100000|     100|0.14530178|  PASSED  
          sts_serial|  15|    100000|     100|0.97389152|  PASSED  
          sts_serial|  15|    100000|     100|0.15465488|  PASSED  
          sts_serial|  16|    100000|     100|0.67341790|  PASSED  
          sts_serial|  16|    100000|     100|0.18558943|  PASSED  
         rgb_bitdist|   1|    100000|     100|0.90467525|  PASSED  
         rgb_bitdist|   2|    100000|     100|0.48801393|  PASSED  
         rgb_bitdist|   3|    100000|     100|0.64364381|  PASSED  
         rgb_bitdist|   4|    100000|     100|0.48040073|  PASSED  
         rgb_bitdist|   5|    100000|     100|0.44877658|  PASSED  
         rgb_bitdist|   6|    100000|     100|0.15094458|  PASSED  
         rgb_bitdist|   7|    100000|     100|0.52025234|  PASSED  
         rgb_bitdist|   8|    100000|     100|0.89466401|  PASSED  
         rgb_bitdist|   9|    100000|     100|0.89203977|  PASSED  
         rgb_bitdist|  10|    100000|     100|0.80475596|  PASSED  
         rgb_bitdist|  11|    100000|     100|0.30507920|  PASSED  
         rgb_bitdist|  12|    100000|     100|0.48664586|  PASSED  
rgb_minimum_distance|   2|     10000|    1000|0.34823853|  PASSED  
rgb_minimum_distance|   3|     10000|    1000|0.84350006|  PASSED  
rgb_minimum_distance|   4|     10000|    1000|0.33910240|  PASSED  
rgb_minimum_distance|   5|     10000|    1000|0.02386550|  PASSED  
    rgb_permutations|   2|    100000|     100|0.78490464|  PASSED  
    rgb_permutations|   3|    100000|     100|0.26546801|  PASSED  
    rgb_permutations|   4|    100000|     100|0.85101466|  PASSED  
    rgb_permutations|   5|    100000|     100|0.16018428|  PASSED  
      rgb_lagged_sum|   0|   1000000|     100|0.98288202|  PASSED  
      rgb_lagged_sum|   1|   1000000|     100|0.62414307|  PASSED  
      rgb_lagged_sum|   2|   1000000|     100|0.08317351|  PASSED  
      rgb_lagged_sum|   3|   1000000|     100|0.22996740|  PASSED  
      rgb_lagged_sum|   4|   1000000|     100|0.21084674|  PASSED  
      rgb_lagged_sum|   5|   1000000|     100|0.53242076|  PASSED  
      rgb_lagged_sum|   6|   1000000|     100|0.71984929|  PASSED  
      rgb_lagged_sum|   7|   1000000|     100|0.44136936|  PASSED  
      rgb_lagged_sum|   8|   1000000|     100|0.73433973|  PASSED  
      rgb_lagged_sum|   9|   1000000|     100|0.82627113|  PASSED  
      rgb_lagged_sum|  10|   1000000|     100|0.99978643|   WEAK   
      rgb_lagged_sum|  11|   1000000|     100|0.21178154|  PASSED  
      rgb_lagged_sum|  12|   1000000|     100|0.13671069|  PASSED  
      rgb_lagged_sum|  13|   1000000|     100|0.59276954|  PASSED  
      rgb_lagged_sum|  14|   1000000|     100|0.53300250|  PASSED  
      rgb_lagged_sum|  15|   1000000|     100|0.96809737|  PASSED  
      rgb_lagged_sum|  16|   1000000|     100|0.25457866|  PASSED  
      rgb_lagged_sum|  17|   1000000|     100|0.89287897|  PASSED  
      rgb_lagged_sum|  18|   1000000|     100|0.29800066|  PASSED  
      rgb_lagged_sum|  19|   1000000|     100|0.78425166|  PASSED  
      rgb_lagged_sum|  20|   1000000|     100|0.45969104|  PASSED  
      rgb_lagged_sum|  21|   1000000|     100|0.21121677|  PASSED  
      rgb_lagged_sum|  22|   1000000|     100|0.30790331|  PASSED  
      rgb_lagged_sum|  23|   1000000|     100|0.35147179|  PASSED  
      rgb_lagged_sum|  24|   1000000|     100|0.50167549|  PASSED  
      rgb_lagged_sum|  25|   1000000|     100|0.59657528|  PASSED  
      rgb_lagged_sum|  26|   1000000|     100|0.37438998|  PASSED  
      rgb_lagged_sum|  27|   1000000|     100|0.44217556|  PASSED  
      rgb_lagged_sum|  28|   1000000|     100|0.37960132|  PASSED  
      rgb_lagged_sum|  29|   1000000|     100|0.95183586|  PASSED  
      rgb_lagged_sum|  30|   1000000|     100|0.69727673|  PASSED  
      rgb_lagged_sum|  31|   1000000|     100|0.75234947|  PASSED  
      rgb_lagged_sum|  32|   1000000|     100|0.99993187|   WEAK   
     rgb_kstest_test|   0|     10000|    1000|0.92740309|  PASSED  
     dab_bytedistrib|   0|  51200000|       1|0.86936057|  PASSED  
             dab_dct| 256|     50000|       1|0.45348337|  PASSED  
Preparing to run test 207.  ntuple = 0
        dab_filltree|  32|  15000000|       1|0.84052734|  PASSED  
        dab_filltree|  32|  15000000|       1|0.05698290|  PASSED  
Preparing to run test 208.  ntuple = 0
       dab_filltree2|   0|   5000000|       1|0.69764699|  PASSED  
       dab_filltree2|   1|   5000000|       1|0.44957566|  PASSED  
Preparing to run test 209.  ntuple = 0
        dab_monobit2|  12|  65000000|       1|0.91111113|  PASSED  
scattergun.sh: 2016-03-03T07:52:40 end dieharder
scattergun.sh: 2016-03-03T07:52:40 end scattergun_mercury_rdrand 0
fwrite: Broken pipe
seventool: tries=61614825473 size=4 reads=61614825473 total=246459301892
