scattergun.sh: 2016-02-01T23:32:39 begin scattergun_silver_TrueRNGpro
scattergun.sh: 2016-02-01T23:32:39 begin png
65536+0 records in
65536+0 records out
196608 bytes (197 kB) copied, 0.446792 s, 440 kB/s

real	0m0.448s
user	0m0.086s
sys	0m0.206s
scattergun.sh: 2016-02-01T23:32:40 end png
scattergun.sh: 2016-02-01T23:32:40 begin rngtest
1000+0 records in
1000+0 records out
2500000 bytes (2.5 MB) copied, 5.81338 s, 430 kB/s

real	0m5.815s
user	0m0.007s
sys	0m0.038s
rngtest 4
Copyright (c) 2004 by Henrique de Moraes Holschuh
This is free software; see the source for copying conditions.  There is NO warranty; not even for MERCHANTABILITY or FITNESS FOR A PARTICULAR PURPOSE.

rngtest: starting FIPS tests...
rngtest: entropy source drained
rngtest: bits received from input: 20000000
rngtest: FIPS 140-2 successes: 997
rngtest: FIPS 140-2 failures: 2
rngtest: FIPS 140-2(2001-10-10) Monobit: 1
rngtest: FIPS 140-2(2001-10-10) Poker: 0
rngtest: FIPS 140-2(2001-10-10) Runs: 0
rngtest: FIPS 140-2(2001-10-10) Long run: 1
rngtest: FIPS 140-2(2001-10-10) Continuous run: 0
rngtest: input channel speed: (min=3.104; avg=9.099; max=18.626)Gibits/s
rngtest: FIPS tests speed: (min=34.616; avg=54.038; max=55.126)Mibits/s
rngtest: Program run time: 354944 microseconds

real	0m0.356s
user	0m0.354s
sys	0m0.003s
scattergun.sh: 2016-02-01T23:32:46 end rngtest
scattergun.sh: 2016-02-01T23:32:46 begin ent
4096+0 records in
4096+0 records out
4194304 bytes (4.2 MB) copied, 9.64113 s, 435 kB/s

real	0m9.642s
user	0m0.022s
sys	0m0.084s
Entropy = 7.999958 bits per byte.

Optimum compression would reduce the size
of this 4194304 byte file by 0 percent.

Chi square distribution for 4194304 samples is 244.96, and randomly
would exceed this value 50.00 percent of the times.

Arithmetic mean value of data bytes is 127.5270 (127.5 = random).
Monte Carlo value for Pi is 3.140095844 (error 0.05 percent).
Serial correlation coefficient is -0.000522 (totally uncorrelated = 0.0).

real	0m0.141s
user	0m0.133s
sys	0m0.006s
scattergun.sh: 2016-02-01T23:32:56 end ent
scattergun.sh: 2016-02-01T23:32:56 begin SP800-90B
4096+0 records in
4096+0 records out
4194304 bytes (4.2 MB) copied, 9.65984 s, 434 kB/s

real	0m9.661s
user	0m0.023s
sys	0m0.084s
Read in file /home/jsloan/src/com-diag-scattergun/Scattergun/scattergun_silver_TrueRNGpro/sp800.dat, 4194304 bytes long.
Dataset: 4194304 8-bit symbols.
Output symbol values: min = 0, max = 255


Compression Test:      
	Scores                   Ranks
	447423                   204 
	447920                   956*
	447610                   604 
	447312                   110 
	447267                    49*
	447370                   158 
	447667                   688 
	447405                   187 
	447821                   888 
	447423                   224 
	                         --- 
	                           2
Passed Compression Test

Over/under Test:       
	Scores                   Ranks
	18  208723               472   294 
	18  208750               458   279 
	21  208758               806   375 
	16  208252                53    23*
	20  208839               689   384 
	18  209076               451   697 
	16  208927                41*  524 
	29  208252              1000*   28*
	24  208630               973*  235 
	21  209119               829   742 
	                         ---   --- 
	                           3     2
Passed Over/under Test

Excursion Test:        
	Scores                   Ranks
	31559.9                  209 
	33768.4                  301 
	29700.2                  160 
	58013                    889 
	58385.2                  905 
	35147.3                  344 
	36562.9                  399 
	40150.4                  516 
	46535.7                  712 
	46241.6                  700 
	                         --- 
	                           0
Passed Excursion Test

Directional runs Test: 
	Scores                   Ranks
	278774     9  209003     125   785   444 
	278661     8  209136      63   501   803 
	279171    10  208921     644   970*  116 
	278370     8  209062       6*  501   633 
	278842     9  209082     213   798   706 
	279143     9  208932     579   783   165 
	278941     8  209057     307   501   627 
	278955     8  209032     342   501   501 
	279399     8  209192     866   501   886 
	279091     8  209026     514   501   500 
	                         ---   ---   --- 
	                           1     1     0
Passed Directional runs Test

Covariance Test:       
	Scores                   Ranks
	6.78137                  796 
	6.18357                  763 
	0.946798                 525 
	21.1238                  991*
	-4.09739                 329 
	5.3292                   740 
	-8.39711                 186 
	15.2176                  957*
	-0.989665                462 
	7.6408                   822 
	                         --- 
	                           2
Passed Covariance Test

Collision Test:        
	Scores                   Ranks
	1  19.6634  67           501   213   353 
	1  19.7589  74           501   663   859 
	1  19.6999  71           501   350   629 
	1  19.8426  66           501   944   233 
	1  19.8028  70           501   868   546 
	1  19.7997  71           501   854   645 
	1  19.6296  72           501    84   739 
	1  19.7067  64           501   404    62 
	1  19.7329  67           501   532   340 
	1  19.7129  63           501   439    23*
	                         ---   ---   --- 
	                           0     0     1
Passed Collision Test

** Passed iid shuffle tests
()

Chi square independence
	score = 64962.7, degrees of freedom = 65280, cut-off = 66402.2
** Passed chi-square independence test

Chi square stability
	score = 2368.96, degrees of freedom = 2313 cut-off = 2528.88
** Passed chi-square stability test

IID = True
min-entropy = 7.94464

Compression sanity check...
	dataset 1 compressed length = 3579384, cutoff = 3.33222e+06...Pass

	dataset 2 compressed length = 3583360, cutoff = 3.33222e+06...Pass

	dataset 3 compressed length = 3580880, cutoff = 3.33222e+06...Pass

	dataset 4 compressed length = 3578496, cutoff = 3.33222e+06...Pass

	dataset 5 compressed length = 3578136, cutoff = 3.33222e+06...Pass

	dataset 6 compressed length = 3578960, cutoff = 3.33222e+06...Pass

	dataset 7 compressed length = 3581336, cutoff = 3.33222e+06...Pass

	dataset 8 compressed length = 3579240, cutoff = 3.33222e+06...Pass

	dataset 9 compressed length = 3582568, cutoff = 3.33222e+06...Pass

	dataset 10 compressed length = 3579384, cutoff = 3.33222e+06...Pass


Collision sanity check...
	Dividing dataset into 5-tuples
	Check rule 1 - do three or more 5-tuples have the same value?...Pass
	Check rule 2 - probability of number of collisions below cutoff
		number of collisions = 0, cutoff = 0.387677...Pass

sanity check = PASS
time: (11709 sec)

real	195m9.107s
user	192m27.733s
sys	2m27.059s
Read in file /home/jsloan/src/com-diag-scattergun/Scattergun/scattergun_silver_TrueRNGpro/sp800.dat, 4194304 bytes long.
Dataset: 4194304 8-bit symbols.
Output symbol values: min = 0, max = 255
- Collision test          : p(max) = 0.00784302, min-entropy = 6.99438
- Partial collection test : p(max) = 0.0074122, min-entropy = 7.07588
- Markov test (map 6 bits): p(max) = 6.43918e-228, min-entropy = 5.89619
- Compression test        : p(max) = 0.00698853, min-entropy = 7.1608
- Frequency test          : p(max) = 0.00398827, min-entropy = 7.76859
min-entropy = 5.89619

Compression sanity check...
	dataset 1 compressed length = 3579384, cutoff = 2.47304e+06...Pass

	dataset 2 compressed length = 3583360, cutoff = 2.47304e+06...Pass

	dataset 3 compressed length = 3580880, cutoff = 2.47304e+06...Pass

	dataset 4 compressed length = 3578496, cutoff = 2.47304e+06...Pass

	dataset 5 compressed length = 3578136, cutoff = 2.47304e+06...Pass

	dataset 6 compressed length = 3578960, cutoff = 2.47304e+06...Pass

	dataset 7 compressed length = 3581336, cutoff = 2.47304e+06...Pass

	dataset 8 compressed length = 3579240, cutoff = 2.47304e+06...Pass

	dataset 9 compressed length = 3582568, cutoff = 2.47304e+06...Pass

	dataset 10 compressed length = 3579384, cutoff = 2.47304e+06...Pass


Collision sanity check...
	Dividing dataset into 6-tuples
	Check rule 1 - do three or more 6-tuples have the same value?...Pass
	Check rule 2 - probability of number of collisions below cutoff
		number of collisions = 0, cutoff = 5.47521...Pass

sanity check = PASS
time: (167.762 sec)

real	2m47.914s
user	2m45.015s
sys	0m2.728s
scattergun.sh: 2016-02-02T02:51:02 end SP800-90B
scattergun.sh: 2016-02-02T02:51:02 begin dieharder
#=============================================================================#
#            dieharder version 3.31.1 Copyright 2003 Robert G. Brown          #
#=============================================================================#
   rng_name    |rands/second|   Seed   |
stdin_input_raw|  1.07e+05  |2779680025|
#=============================================================================#
        test_name   |ntup| tsamples |psamples|  p-value |Assessment
#=============================================================================#
   diehard_birthdays|   0|       100|     100|0.55588333|  PASSED  
      diehard_operm5|   0|   1000000|     100|0.49793311|  PASSED  
  diehard_rank_32x32|   0|     40000|     100|0.23050481|  PASSED  
    diehard_rank_6x8|   0|    100000|     100|0.51906624|  PASSED  
   diehard_bitstream|   0|   2097152|     100|0.52759356|  PASSED  
        diehard_opso|   0|   2097152|     100|0.50752361|  PASSED  
        diehard_oqso|   0|   2097152|     100|0.52302729|  PASSED  
         diehard_dna|   0|   2097152|     100|0.64329770|  PASSED  
diehard_count_1s_str|   0|    256000|     100|0.97982458|  PASSED  
diehard_count_1s_byt|   0|    256000|     100|0.36919438|  PASSED  
 diehard_parking_lot|   0|     12000|     100|0.36948334|  PASSED  
    diehard_2dsphere|   2|      8000|     100|0.99594760|   WEAK   
    diehard_3dsphere|   3|      4000|     100|0.18843990|  PASSED  
     diehard_squeeze|   0|    100000|     100|0.14185152|  PASSED  
        diehard_sums|   0|       100|     100|0.00069494|   WEAK   
        diehard_runs|   0|    100000|     100|0.73280340|  PASSED  
        diehard_runs|   0|    100000|     100|0.97081987|  PASSED  
       diehard_craps|   0|    200000|     100|0.99716124|   WEAK   
       diehard_craps|   0|    200000|     100|0.04693190|  PASSED  
 marsaglia_tsang_gcd|   0|  10000000|     100|0.98005867|  PASSED  
 marsaglia_tsang_gcd|   0|  10000000|     100|0.31649174|  PASSED  
         sts_monobit|   1|    100000|     100|0.89905395|  PASSED  
            sts_runs|   2|    100000|     100|0.17688303|  PASSED  
          sts_serial|   1|    100000|     100|0.25642308|  PASSED  
          sts_serial|   2|    100000|     100|0.59240470|  PASSED  
          sts_serial|   3|    100000|     100|0.89122146|  PASSED  
          sts_serial|   3|    100000|     100|0.93963000|  PASSED  
          sts_serial|   4|    100000|     100|0.72153461|  PASSED  
          sts_serial|   4|    100000|     100|0.31327763|  PASSED  
          sts_serial|   5|    100000|     100|0.64091827|  PASSED  
          sts_serial|   5|    100000|     100|0.97986832|  PASSED  
          sts_serial|   6|    100000|     100|0.96393186|  PASSED  
          sts_serial|   6|    100000|     100|0.62944742|  PASSED  
          sts_serial|   7|    100000|     100|0.98618947|  PASSED  
          sts_serial|   7|    100000|     100|0.94709354|  PASSED  
          sts_serial|   8|    100000|     100|0.91957702|  PASSED  
          sts_serial|   8|    100000|     100|0.49096059|  PASSED  
          sts_serial|   9|    100000|     100|0.55194542|  PASSED  
          sts_serial|   9|    100000|     100|0.54484751|  PASSED  
          sts_serial|  10|    100000|     100|0.16916848|  PASSED  
          sts_serial|  10|    100000|     100|0.73945000|  PASSED  
          sts_serial|  11|    100000|     100|0.88498748|  PASSED  
          sts_serial|  11|    100000|     100|0.99695795|   WEAK   
          sts_serial|  12|    100000|     100|0.39482705|  PASSED  
          sts_serial|  12|    100000|     100|0.84399581|  PASSED  
          sts_serial|  13|    100000|     100|0.15439415|  PASSED  
          sts_serial|  13|    100000|     100|0.26940951|  PASSED  
          sts_serial|  14|    100000|     100|0.43145088|  PASSED  
          sts_serial|  14|    100000|     100|0.21733570|  PASSED  
          sts_serial|  15|    100000|     100|0.75295154|  PASSED  
          sts_serial|  15|    100000|     100|0.29671309|  PASSED  
          sts_serial|  16|    100000|     100|0.72932992|  PASSED  
          sts_serial|  16|    100000|     100|0.84609307|  PASSED  
         rgb_bitdist|   1|    100000|     100|0.79299561|  PASSED  
         rgb_bitdist|   2|    100000|     100|0.77417844|  PASSED  
         rgb_bitdist|   3|    100000|     100|0.34549513|  PASSED  
         rgb_bitdist|   4|    100000|     100|0.56015489|  PASSED  
         rgb_bitdist|   5|    100000|     100|0.86353226|  PASSED  
         rgb_bitdist|   6|    100000|     100|0.99511595|   WEAK   
         rgb_bitdist|   7|    100000|     100|0.96140492|  PASSED  
         rgb_bitdist|   8|    100000|     100|0.68313629|  PASSED  
         rgb_bitdist|   9|    100000|     100|0.61112180|  PASSED  
         rgb_bitdist|  10|    100000|     100|0.43917941|  PASSED  
         rgb_bitdist|  11|    100000|     100|0.98913631|  PASSED  
         rgb_bitdist|  12|    100000|     100|0.74518588|  PASSED  
rgb_minimum_distance|   2|     10000|    1000|0.06745696|  PASSED  
rgb_minimum_distance|   3|     10000|    1000|0.64964359|  PASSED  
rgb_minimum_distance|   4|     10000|    1000|0.42266312|  PASSED  
rgb_minimum_distance|   5|     10000|    1000|0.66587117|  PASSED  
    rgb_permutations|   2|    100000|     100|0.29281730|  PASSED  
    rgb_permutations|   3|    100000|     100|0.48401170|  PASSED  
    rgb_permutations|   4|    100000|     100|0.99187507|  PASSED  
    rgb_permutations|   5|    100000|     100|0.37107207|  PASSED  
      rgb_lagged_sum|   0|   1000000|     100|0.41403200|  PASSED  
      rgb_lagged_sum|   1|   1000000|     100|0.66508170|  PASSED  
      rgb_lagged_sum|   2|   1000000|     100|0.30440976|  PASSED  
      rgb_lagged_sum|   3|   1000000|     100|0.66163953|  PASSED  
      rgb_lagged_sum|   4|   1000000|     100|0.32778481|  PASSED  
      rgb_lagged_sum|   5|   1000000|     100|0.34265260|  PASSED  
      rgb_lagged_sum|   6|   1000000|     100|0.99894159|   WEAK   
      rgb_lagged_sum|   7|   1000000|     100|0.95560533|  PASSED  
      rgb_lagged_sum|   8|   1000000|     100|0.04176681|  PASSED  
      rgb_lagged_sum|   9|   1000000|     100|0.87865407|  PASSED  
      rgb_lagged_sum|  10|   1000000|     100|0.44840134|  PASSED  
      rgb_lagged_sum|  11|   1000000|     100|0.68197100|  PASSED  
      rgb_lagged_sum|  12|   1000000|     100|0.12084696|  PASSED  
      rgb_lagged_sum|  13|   1000000|     100|0.58507152|  PASSED  
      rgb_lagged_sum|  14|   1000000|     100|0.91126317|  PASSED  
      rgb_lagged_sum|  15|   1000000|     100|0.40387807|  PASSED  
      rgb_lagged_sum|  16|   1000000|     100|0.99992674|   WEAK   
      rgb_lagged_sum|  17|   1000000|     100|0.46383143|  PASSED  
      rgb_lagged_sum|  18|   1000000|     100|0.34799591|  PASSED  
      rgb_lagged_sum|  19|   1000000|     100|0.19349227|  PASSED  
      rgb_lagged_sum|  20|   1000000|     100|0.62242844|  PASSED  
      rgb_lagged_sum|  21|   1000000|     100|0.92028200|  PASSED  
      rgb_lagged_sum|  22|   1000000|     100|0.61968448|  PASSED  
      rgb_lagged_sum|  23|   1000000|     100|0.54405448|  PASSED  
      rgb_lagged_sum|  24|   1000000|     100|0.84813313|  PASSED  
      rgb_lagged_sum|  25|   1000000|     100|0.79461328|  PASSED  
      rgb_lagged_sum|  26|   1000000|     100|0.51915905|  PASSED  
      rgb_lagged_sum|  27|   1000000|     100|0.20608497|  PASSED  
      rgb_lagged_sum|  28|   1000000|     100|0.87021119|  PASSED  
      rgb_lagged_sum|  29|   1000000|     100|0.96962010|  PASSED  
      rgb_lagged_sum|  30|   1000000|     100|0.39160420|  PASSED  
      rgb_lagged_sum|  31|   1000000|     100|0.59227669|  PASSED  
      rgb_lagged_sum|  32|   1000000|     100|0.20435319|  PASSED  
     rgb_kstest_test|   0|     10000|    1000|0.93849891|  PASSED  
     dab_bytedistrib|   0|  51200000|       1|0.82381184|  PASSED  
             dab_dct| 256|     50000|       1|0.42316103|  PASSED  
Preparing to run test 207.  ntuple = 0
        dab_filltree|  32|  15000000|       1|0.34720696|  PASSED  
        dab_filltree|  32|  15000000|       1|0.78935978|  PASSED  
Preparing to run test 208.  ntuple = 0
       dab_filltree2|   0|   5000000|       1|0.80569809|  PASSED  
       dab_filltree2|   1|   5000000|       1|0.39715450|  PASSED  
Preparing to run test 209.  ntuple = 0
        dab_monobit2|  12|  65000000|       1|0.44687961|  PASSED  
scattergun.sh: 2016-02-08T18:56:41 end dieharder
scattergun.sh: 2016-02-08T18:56:41 end scattergun_silver_TrueRNGpro 0
